\BOOKMARK [1][-]{section.1}{\376\377\167\351\226\065\116\130\136\166\210\114\213\241\173\227}{}% 1
\BOOKMARK [2][-]{subsection.1.1}{\376\377\167\351\226\065\127\372\147\054\140\047\215\050}{section.1}% 2
\BOOKMARK [3][-]{subsubsection.1.1.1}{\376\377\122\240\154\325}{subsection.1.1}% 3
\BOOKMARK [3][-]{subsubsection.1.1.2}{\376\377\145\160\116\130}{subsection.1.1}% 4
\BOOKMARK [3][-]{subsubsection.1.1.3}{\376\377\116\130\154\325}{subsection.1.1}% 5
\BOOKMARK [3][-]{subsubsection.1.1.4}{\376\377\217\154\177\156}{subsection.1.1}% 6
\BOOKMARK [3][-]{subsubsection.1.1.5}{\376\377\121\161\217\155}{subsection.1.1}% 7
\BOOKMARK [3][-]{subsubsection.1.1.6}{\376\377\154\350\141\017}{subsection.1.1}% 8
\BOOKMARK [3][-]{subsubsection.1.1.7}{\376\377\166\370\121\163\133\232\116\111}{subsection.1.1}% 9
\BOOKMARK [3][-]{subsubsection.1.1.8}{\376\377\122\035\173\111\123\330\143\142}{subsection.1.1}% 10
\BOOKMARK [2][-]{subsection.1.2}{\376\377\117\040\122\006\127\127\176\337\145\271\154\325}{section.1}% 11
\BOOKMARK [2][-]{subsection.1.3}{\376\377\000C\000a\000n\000n\000o\000n\145\271\154\325}{section.1}% 12
\BOOKMARK [1][-]{section.2}{\376\377\176\277\140\047\145\271\172\013\176\304\166\204\136\166\210\114\154\102\211\343}{}% 13
\BOOKMARK [2][-]{subsection.2.1}{\376\377\166\364\143\245\154\102\211\343\154\325}{section.2}% 14
\BOOKMARK [3][-]{subsubsection.2.1.1}{\376\377\000L\000U\122\006\211\343\173\227\154\325}{subsection.2.1}% 15
\BOOKMARK [3][-]{subsubsection.2.1.2}{\376\377\000G\000a\000u\000s\000s\166\364\143\245\155\210\123\273}{subsection.2.1}% 16
\BOOKMARK [3][-]{subsubsection.2.1.3}{\376\377\000G\000a\000u\000s\000s\155\210\123\273\136\166\210\114\213\241\173\227\145\271\154\325}{subsection.2.1}% 17
\BOOKMARK [2][-]{subsection.2.2}{\376\377\217\355\116\343\211\343\154\325}{section.2}% 18
\BOOKMARK [1][-]{section.3}{\376\377\000F\000F\000T\136\166\210\114\173\227\154\325}{}% 19
\BOOKMARK [2][-]{subsection.3.1}{\376\377\131\015\145\160\127\372\147\054\167\345\213\306}{section.3}% 20
\BOOKMARK [2][-]{subsection.3.2}{\376\377\137\353\220\037\120\205\154\017\123\330\143\142\000F\000F\000T\123\237\164\006}{section.3}% 21
\BOOKMARK [3][-]{subsubsection.3.2.1}{\376\377\162\151\164\006\141\017\116\111}{subsection.3.2}% 22
\BOOKMARK [3][-]{subsubsection.3.2.2}{\376\377\000D\000F\000T}{subsection.3.2}% 23
\BOOKMARK [3][-]{subsubsection.3.2.3}{\376\377\000F\000F\000T}{subsection.3.2}% 24
\BOOKMARK [2][-]{subsection.3.3}{\376\377\131\032\230\171\137\017\116\130\154\325\116\016\000F\000F\000T}{section.3}% 25
\BOOKMARK [3][-]{subsubsection.3.3.1}{\376\377\131\032\230\171\137\017\166\204\210\150\171\072\145\271\154\325}{subsection.3.3}% 26
\BOOKMARK [3][-]{subsubsection.3.3.2}{\376\377\160\271\120\074\210\150\171\072\154\325\116\016\000F\000T\000T\121\163\174\373}{subsection.3.3}% 27
\BOOKMARK [3][-]{subsubsection.3.3.3}{\376\377\000F\000F\000T\122\240\220\037\000D\000F\000T}{subsection.3.3}% 28
\BOOKMARK [3][-]{subsubsection.3.3.4}{\376\377\000F\000F\000T\122\240\220\037\000I\000D\000F\000T}{subsection.3.3}% 29
\BOOKMARK [2][-]{subsection.3.4}{\376\377\116\214\176\364\116\062\210\114\000F\000F\000T\173\227\154\325}{section.3}% 30
\BOOKMARK [1][-]{section.4}{\376\377\000M\000P\000I\136\166\210\114\172\013\136\217\213\276\213\241\127\372\170\100}{}% 31
\BOOKMARK [2][-]{subsection.4.1}{\376\377\136\166\210\114\166\370\121\163\122\006\174\173}{section.4}% 32
\BOOKMARK [2][-]{subsection.4.2}{\376\377\136\166\210\114\172\013\136\217\127\372\147\054\176\323\147\204}{section.4}% 33
\BOOKMARK [2][-]{subsection.4.3}{\376\377\000M\000P\000I\145\160\143\156\174\173\127\213}{section.4}% 34
\BOOKMARK [2][-]{subsection.4.4}{\376\377\000M\000P\000I\220\032\213\257\133\120\000\050\220\032\117\341\127\337\000\051\127\372\170\100}{section.4}% 35
\BOOKMARK [2][-]{subsection.4.5}{\376\377\217\333\172\013\220\032\117\341\123\237\164\006}{section.4}% 36
\BOOKMARK [2][-]{subsection.4.6}{\376\377\000M\000P\000I\127\372\147\054\121\375\145\160}{section.4}% 37
\BOOKMARK [3][-]{subsubsection.4.6.1}{\376\377\136\166\210\114\163\257\130\203\173\241\164\006\121\375\145\160}{subsection.4.6}% 38
\BOOKMARK [3][-]{subsubsection.4.6.2}{\376\377\000M\000P\000I\220\032\213\257\133\120\144\315\117\134\121\375\145\160}{subsection.4.6}% 39
\BOOKMARK [1][-]{section.5}{\376\377\160\271\122\060\160\271\220\032\117\341\121\375\145\160}{}% 40
\BOOKMARK [2][-]{subsection.5.1}{\376\377\226\073\130\136\137\017}{section.5}% 41
\BOOKMARK [3][-]{subsubsection.5.1.1}{\376\377\000M\000P\000I\000\137\000S\000e\000n\000d\121\375\145\160}{subsection.5.1}% 42
\BOOKMARK [3][-]{subsubsection.5.1.2}{\376\377\000M\000P\000I\000\137\000R\000e\000c\000v\121\375\145\160}{subsection.5.1}% 43
\BOOKMARK [3][-]{subsubsection.5.1.3}{\376\377\000M\000P\000I\000\137\000S\000e\000n\000d\000r\000e\000c\000v\124\010\142\020\121\375\145\160}{subsection.5.1}% 44
\BOOKMARK [3][-]{subsubsection.5.1.4}{\376\377\000M\000P\000I\000\137\000S\000e\000n\000d\000r\000e\000c\000v\000\137\000R\000e\000p\000l\000a\000c\000e\124\010\142\020\121\375\145\160}{subsection.5.1}% 45
\BOOKMARK [3][-]{subsubsection.5.1.5}{\376\377\155\210\140\157\147\345\213\342\121\375\145\160\000M\000P\000I\000\137\000P\000r\000o\000b\000e}{subsection.5.1}% 46
\BOOKMARK [3][-]{subsubsection.5.1.6}{\376\377\155\210\140\157\147\345\213\342\121\375\145\160\000M\000P\000I\000\137\000I\000P\000r\000o\000b\000e}{subsection.5.1}% 47
\BOOKMARK [3][-]{subsubsection.5.1.7}{\376\377\155\210\140\157\147\345\213\342\121\375\145\160\000M\000P\000I\000\137\000G\000e\000t\000\137\000C\000o\000u\000n\000t\000e}{subsection.5.1}% 48
\BOOKMARK [2][-]{subsection.5.2}{\376\377\227\136\226\073\130\136\137\017}{section.5}% 49
\BOOKMARK [3][-]{subsubsection.5.2.1}{\376\377\000M\000P\000I\000\137\000I\000s\000e\000n\000d\121\375\145\160}{subsection.5.2}% 50
\BOOKMARK [3][-]{subsubsection.5.2.2}{\376\377\000M\000P\000I\000\137\000I\000r\000e\000c\000v\121\375\145\160}{subsection.5.2}% 51
\BOOKMARK [3][-]{subsubsection.5.2.3}{\376\377\155\210\140\157\213\367\154\102\133\214\142\020\121\375\145\160\000M\000P\000I\000\137\000W\000a\000i\000t}{subsection.5.2}% 52
\BOOKMARK [3][-]{subsubsection.5.2.4}{\376\377\155\210\140\157\213\367\154\102\133\214\142\020\121\375\145\160\000M\000P\000I\000\137\000W\000a\000i\000t\000a\000n\000y}{subsection.5.2}% 53
\BOOKMARK [3][-]{subsubsection.5.2.5}{\376\377\155\210\140\157\213\367\154\102\133\214\142\020\121\375\145\160\000M\000P\000I\000\137\000W\000a\000i\000t\000a\000l\000l}{subsection.5.2}% 54
\BOOKMARK [3][-]{subsubsection.5.2.6}{\376\377\155\210\140\157\213\367\154\102\133\214\142\020\121\375\145\160\000M\000P\000I\000\137\000W\000a\000i\000t\000s\000o\000m\000e}{subsection.5.2}% 55
\BOOKMARK [3][-]{subsubsection.5.2.7}{\376\377\155\210\140\157\213\367\154\102\150\300\147\345\121\375\145\160\000M\000P\000I\000\137\000T\000e\000s\000t}{subsection.5.2}% 56
\BOOKMARK [3][-]{subsubsection.5.2.8}{\376\377\155\210\140\157\213\367\154\102\150\300\147\345\121\375\145\160\000M\000P\000I\000\137\000T\000e\000s\000t\000a\000n\000y}{subsection.5.2}% 57
\BOOKMARK [3][-]{subsubsection.5.2.9}{\376\377\155\210\140\157\213\367\154\102\150\300\147\345\121\375\145\160\000M\000P\000I\000\137\000T\000e\000s\000t\000a\000l\000l}{subsection.5.2}% 58
\BOOKMARK [3][-]{subsubsection.5.2.10}{\376\377\155\210\140\157\213\367\154\102\150\300\147\345\121\375\145\160\000M\000P\000I\000\137\000T\000e\000s\000t\000s\000o\000m\000e}{subsection.5.2}% 59
\BOOKMARK [2][-]{subsection.5.3}{\376\377\143\001\116\105\220\032\213\257}{section.5}% 60
\BOOKMARK [3][-]{subsubsection.5.3.1}{\376\377\155\210\140\157\213\367\154\102\150\300\147\345\121\375\145\160\000M\000P\000I\000\137\000S\000e\000n\000d\000\137\000i\000n\000i\000t}{subsection.5.3}% 61
\BOOKMARK [3][-]{subsubsection.5.3.2}{\376\377\000M\000P\000I\000\137\000R\000e\000c\000v\000\137\000i\000n\000i\000t\121\375\145\160}{subsection.5.3}% 62
\BOOKMARK [3][-]{subsubsection.5.3.3}{\376\377\000M\000P\000I\000\137\000S\000t\000a\000r\000t\121\375\145\160}{subsection.5.3}% 63
\BOOKMARK [3][-]{subsubsection.5.3.4}{\376\377\000M\000P\000I\000\137\000S\000t\000a\000r\000t\000a\000l\000l\121\375\145\160}{subsection.5.3}% 64
\BOOKMARK [3][-]{subsubsection.5.3.5}{\376\377\000M\000P\000I\000\137\000R\000e\000q\000u\000e\000s\000t\000\137\000f\000r\000e\000e\121\375\145\160}{subsection.5.3}% 65
\BOOKMARK [3][-]{subsubsection.5.3.6}{\376\377\000M\000P\000I\000\137\000C\000a\000n\000c\000e\000l\121\375\145\160}{subsection.5.3}% 66
\BOOKMARK [3][-]{subsubsection.5.3.7}{\376\377\000M\000P\000I\000\137\000T\000e\000s\000t\000\137\000c\000a\000n\000c\000e\000l\000l\000e\000d\121\375\145\160}{subsection.5.3}% 67
\BOOKMARK [2][-]{subsection.5.4}{\376\377\232\330\176\364\217\333\172\013}{section.5}% 68
\BOOKMARK [1][-]{section.6}{\376\377\155\076\165\037\145\160\143\156\174\173\127\213}{}% 69
\BOOKMARK [2][-]{subsection.6.1}{\376\377\217\336\176\355\145\160\143\156\174\173\127\213\000C\000O\000N\000T\000I\000G\000U\000O\000U\000S}{section.6}% 70
\BOOKMARK [3][-]{subsubsection.6.1.1}{\376\377\000M\000P\000I\000\137\000T\000y\000p\000e\000\137\000c\000o\000n\000t\000i\000g\000u\000o\000u\000s\121\375\145\160}{subsection.6.1}% 71
\BOOKMARK [2][-]{subsection.6.2}{\376\377\124\021\221\317\145\160\143\156\174\173\127\213\000V\000E\000C\000T\000O\000R}{section.6}% 72
\BOOKMARK [3][-]{subsubsection.6.2.1}{\376\377\000M\000P\000I\000\137\000T\000y\000p\000e\000\137\000v\000e\000c\000t\000o\000r\121\375\145\160}{subsection.6.2}% 73
\BOOKMARK [3][-]{subsubsection.6.2.2}{\376\377\000M\000P\000I\000\137\000T\000y\000p\000e\000\137\000c\000r\000e\000a\000t\000e\000\137\000h\000v\000e\000c\000t\000o\000r\121\375\145\160}{subsection.6.2}% 74
\BOOKMARK [2][-]{subsection.6.3}{\376\377\175\042\137\025\145\160\143\156\174\173\127\213\000I\000N\000D\000E\000X}{section.6}% 75
\BOOKMARK [3][-]{subsubsection.6.3.1}{\376\377\000M\000P\000I\000\137\000T\000y\000p\000e\000\137\000c\000r\000e\000a\000t\000e\000\137\000h\000i\000n\000d\000e\000x\000e\000d\121\375\145\160}{subsection.6.3}% 76
\BOOKMARK [2][-]{subsection.6.4}{\376\377\176\323\147\204\117\123\145\160\143\156\174\173\127\213\000S\000T\000R\000U\000C\000T}{section.6}% 77
\BOOKMARK [3][-]{subsubsection.6.4.1}{\376\377\000M\000P\000I\000\137\000T\000y\000p\000e\000\137\000c\000r\000e\000a\000t\000e\000\137\000s\000t\000r\000u\000c\000t\121\375\145\160}{subsection.6.4}% 78
\BOOKMARK [3][-]{subsubsection.6.4.2}{\376\377\155\076\165\037\145\160\143\156\174\173\127\213\117\177\165\050}{subsection.6.4}% 79
\BOOKMARK [2][-]{subsection.6.5}{\376\377\145\160\143\156\174\173\127\213\217\205\122\251\121\375\145\160}{section.6}% 80
\BOOKMARK [3][-]{subsubsection.6.5.1}{\376\377\000M\000P\000I\000\137\000T\000y\000p\000e\000\137\000c\000o\000m\000m\000i\000t\121\375\145\160}{subsection.6.5}% 81
\BOOKMARK [3][-]{subsubsection.6.5.2}{\376\377\000M\000P\000I\000\137\000T\000y\000p\000e\000\137\000f\000r\000e\000e\121\375\145\160}{subsection.6.5}% 82
\BOOKMARK [3][-]{subsubsection.6.5.3}{\376\377\000M\000P\000I\000\137\000T\000y\000p\000e\000\137\000g\000e\000t\000\137\000e\000x\000t\000e\000n\000t\121\375\145\160}{subsection.6.5}% 83
\BOOKMARK [3][-]{subsubsection.6.5.4}{\376\377\000M\000P\000I\000\137\000A\000d\000d\000r\000e\000s\000s\121\375\145\160}{subsection.6.5}% 84
\BOOKMARK [2][-]{subsection.6.6}{\376\377\162\171\153\212\145\160\143\156\174\173\127\213\116\016\176\335\133\371\123\237\160\271}{section.6}% 85
\BOOKMARK [3][-]{subsubsection.6.6.1}{\376\377\155\076\165\037\145\160\143\156\174\173\127\213\166\204\131\047\134\017\116\016\136\366\117\070}{subsection.6.6}% 86
\BOOKMARK [3][-]{subsubsection.6.6.2}{\376\377\000M\000P\000I\000\137\000U\000B\124\214\000M\000P\000I\000\137\000L\000B}{subsection.6.6}% 87
\BOOKMARK [3][-]{subsubsection.6.6.3}{\376\377\176\335\133\371\123\237\160\271}{subsection.6.6}% 88
\BOOKMARK [2][-]{subsection.6.7}{\376\377\145\160\143\156\166\204\142\123\123\005\116\016\142\306\123\005}{section.6}% 89
\BOOKMARK [3][-]{subsubsection.6.7.1}{\376\377\000M\000P\000I\000\137\000P\000a\000c\000k\121\375\145\160}{subsection.6.7}% 90
\BOOKMARK [3][-]{subsubsection.6.7.2}{\376\377\000M\000P\000I\000\137\000U\000n\000p\000a\000c\000k\121\375\145\160}{subsection.6.7}% 91
\BOOKMARK [3][-]{subsubsection.6.7.3}{\376\377\000M\000P\000I\000\137\000P\000a\000c\000k\000\137\000s\000i\000z\000e\121\375\145\160}{subsection.6.7}% 92
\BOOKMARK [1][-]{section.7}{\376\377\200\132\124\010\220\032\117\341}{}% 93
\BOOKMARK [2][-]{subsection.7.1}{\376\377\226\234\170\215\124\014\153\145\000M\000P\000I\000\137\000B\000a\000r\000r\000i\000e\000r}{section.7}% 94
\BOOKMARK [2][-]{subsection.7.2}{\376\377\136\177\144\255\000M\000P\000I\000\137\000B\000c\000a\000s\000t}{section.7}% 95
\BOOKMARK [2][-]{subsection.7.3}{\376\377\145\066\226\306\000M\000P\000I\000\137\000G\000a\000t\000h\000e\000r}{section.7}% 96
\BOOKMARK [2][-]{subsection.7.4}{\376\377\145\143\144\255\000M\000P\000I\000\137\000S\000c\000a\000t\000t\000e\000r}{section.7}% 97
\BOOKMARK [2][-]{subsection.7.5}{\376\377\121\150\116\244\143\142\000M\000P\000I\000\137\000A\000l\000l\000t\000o\000a\000l\000l}{section.7}% 98
\BOOKMARK [1][-]{section.8}{\376\377\211\304\176\246\144\315\117\134}{}% 99
\BOOKMARK [2][-]{subsection.8.1}{\376\377\211\304\176\246}{section.8}% 100
\BOOKMARK [3][-]{subsubsection.8.1.1}{\376\377\211\304\176\246\000M\000P\000I\000\137\000R\000e\000d\000u\000c\000e}{subsection.8.1}% 101
\BOOKMARK [3][-]{subsubsection.8.1.2}{\376\377\211\304\176\246\136\177\144\255\000M\000P\000I\000\137\000A\000l\000l\000r\000e\000d\000u\000c\000e}{subsection.8.1}% 102
\BOOKMARK [3][-]{subsubsection.8.1.3}{\376\377\122\115\177\000\142\153\143\317\000M\000P\000I\000\137\000S\000c\000a\000n}{subsection.8.1}% 103
\BOOKMARK [3][-]{subsubsection.8.1.4}{\376\377\211\304\176\246\145\143\144\255\000M\000P\000I\000\137\000R\000e\000d\000u\000c\000e\000\137\000s\000c\000a\000t\000t\000e\000r}{subsection.8.1}% 104
\BOOKMARK [2][-]{subsection.8.2}{\376\377\217\320\173\227\171\315\174\173\116\016\123\357\165\050\145\160\143\156\174\173\127\213}{section.8}% 105
\BOOKMARK [3][-]{subsubsection.8.2.1}{\376\377\000M\000P\000I\133\232\116\111\166\204\137\122\176\246\144\315\117\134\121\375\145\160}{subsection.8.2}% 106
\BOOKMARK [3][-]{subsubsection.8.2.2}{\376\377\131\015\124\010\145\160\143\156\174\173\127\213}{subsection.8.2}% 107
\BOOKMARK [3][-]{subsubsection.8.2.3}{\376\377\201\352\133\232\116\111\211\304\176\246\144\315\117\134\121\375\145\160}{subsection.8.2}% 108
\BOOKMARK [1][-]{section.9}{\376\377\176\304\144\315\117\134}{}% 109
\BOOKMARK [2][-]{subsection.9.1}{\376\377\217\333\172\013\176\304\122\033\136\372}{section.9}% 110
\BOOKMARK [3][-]{subsubsection.9.1.1}{\376\377\000M\000P\000I\000\137\000C\000o\000m\000m\000\137\000g\000r\000o\000u\000p\121\375\145\160}{subsection.9.1}% 111
\BOOKMARK [3][-]{subsubsection.9.1.2}{\376\377\000M\000P\000I\000\137\000G\000r\000o\000u\000p\000\137\000u\000n\000i\000o\000n\121\375\145\160}{subsection.9.1}% 112
\BOOKMARK [3][-]{subsubsection.9.1.3}{\376\377\000M\000P\000I\000\137\000G\000r\000o\000u\000p\000\137\000i\000n\000t\000e\000r\000s\000e\000c\000t\000i\000o\000n\121\375\145\160}{subsection.9.1}% 113
\BOOKMARK [3][-]{subsubsection.9.1.4}{\376\377\000M\000P\000I\000\137\000G\000r\000o\000u\000p\000\137\000d\000i\000f\000f\000e\000r\000e\000n\000c\000e\121\375\145\160}{subsection.9.1}% 114
\BOOKMARK [3][-]{subsubsection.9.1.5}{\376\377\000M\000P\000I\000\137\000G\000r\000o\000u\000p\000\137\000i\000n\000c\000l\121\375\145\160}{subsection.9.1}% 115
\BOOKMARK [3][-]{subsubsection.9.1.6}{\376\377\000M\000P\000I\000\137\000G\000r\000o\000u\000p\000\137\000e\000x\000c\000l\121\375\145\160}{subsection.9.1}% 116
\BOOKMARK [3][-]{subsubsection.9.1.7}{\376\377\000M\000P\000I\000\137\000G\000r\000o\000u\000p\000\137\000r\000a\000n\000g\000e\000\137\000i\000n\000c\000l\121\375\145\160}{subsection.9.1}% 117
\BOOKMARK [3][-]{subsubsection.9.1.8}{\376\377\000M\000P\000I\000\137\000G\000r\000o\000u\000p\000\137\000r\000a\000n\000g\000e\000\137\000e\000x\000c\000l\121\375\145\160}{subsection.9.1}% 118
\BOOKMARK [2][-]{subsection.9.2}{\376\377\217\333\172\013\176\304\173\241\164\006}{section.9}% 119
\BOOKMARK [3][-]{subsubsection.9.2.1}{\376\377\000M\000P\000I\000\137\000G\000r\000o\000u\000p\000\137\000s\000i\000z\000e\121\375\145\160}{subsection.9.2}% 120
\BOOKMARK [3][-]{subsubsection.9.2.2}{\376\377\000M\000P\000I\000\137\000G\000r\000o\000u\000p\000\137\000r\000a\000n\000k\121\375\145\160}{subsection.9.2}% 121
\BOOKMARK [3][-]{subsubsection.9.2.3}{\376\377\000M\000P\000I\000\137\000G\000r\000o\000u\000p\000\137\000t\000r\000a\000n\000s\000l\000a\000t\000e\000\137\000r\000a\000n\000k\000s\121\375\145\160}{subsection.9.2}% 122
\BOOKMARK [3][-]{subsubsection.9.2.4}{\376\377\000M\000P\000I\000\137\000G\000r\000o\000u\000p\000\137\000f\000r\000e\000e\121\375\145\160}{subsection.9.2}% 123
\BOOKMARK [3][-]{subsubsection.9.2.5}{\376\377\000M\000P\000I\000\137\000G\000r\000o\000u\000p\000\137\000c\000o\000m\000p\000a\000r\000e\121\375\145\160}{subsection.9.2}% 124
\BOOKMARK [1][-]{section.10}{\376\377\226\104\137\125}{}% 125
\BOOKMARK [2][-]{subsection.10.1}{\376\377\145\160\143\156\060\001\143\007\224\210\060\001\116\016\127\060\127\100}{section.10}% 126
